<?xml version="1.0" encoding="UTF-8"?>
<testng-results skipped="0" failed="0" ignored="0" total="1" passed="1">
  <reporter-output>
  </reporter-output>
  <suite name="Default suite" duration-ms="9583" started-at="2019-01-04T05:13:33Z" finished-at="2019-01-04T05:13:43Z">
    <groups>
    </groups>
    <test name="Default test" duration-ms="9583" started-at="2019-01-04T05:13:33Z" finished-at="2019-01-04T05:13:43Z">
      <class name="com.ibm.kenkins.com.ibm.jenkins.NewTest">
        <test-method status="PASS" signature="beforeTest()[pri:0, instance:com.ibm.kenkins.com.ibm.jenkins.NewTest@56f4468b]" name="beforeTest" is-config="true" duration-ms="8567" started-at="2019-01-04T10:43:33Z" finished-at="2019-01-04T10:43:42Z">
          <reporter-output>
          </reporter-output>
        </test-method> <!-- beforeTest -->
        <test-method status="PASS" signature="f()[pri:0, instance:com.ibm.kenkins.com.ibm.jenkins.NewTest@56f4468b]" name="f" duration-ms="7" started-at="2019-01-04T10:43:42Z" finished-at="2019-01-04T10:43:42Z">
          <reporter-output>
          </reporter-output>
        </test-method> <!-- f -->
        <test-method status="PASS" signature="afterTest()[pri:0, instance:com.ibm.kenkins.com.ibm.jenkins.NewTest@56f4468b]" name="afterTest" is-config="true" duration-ms="988" started-at="2019-01-04T10:43:42Z" finished-at="2019-01-04T10:43:43Z">
          <reporter-output>
          </reporter-output>
        </test-method> <!-- afterTest -->
      </class> <!-- com.ibm.kenkins.com.ibm.jenkins.NewTest -->
    </test> <!-- Default test -->
  </suite> <!-- Default suite -->
</testng-results>
